{"name": "test_result_page", "status": "failed", "statusDetails": {"message": "AssertionError: assert False", "trace": "self = <testCases.test_result_location_departemnt.TestResultPage object at 0x10b5dd810>\ndriver = <selenium.webdriver.chrome.webdriver.WebDriver (session=\"6aa5544ab2a452552d5f043923091a40\")>\n\n    def test_result_page(self, driver):\n        driver.get(\"https://insiderone.com/careers/quality-assurance/\")\n        driver.maximize_window()\n        driver.find_element(By.XPATH, careers_page.ccokie_btn_xpath).click()\n        time.sleep(2)\n    \n        all_qa_jobs_btn = driver.find_element(By.XPATH, careers_page.all_qa_job_btn_xpath)\n        all_qa_jobs_btn.is_displayed()\n        all_qa_jobs_btn.click()\n        time.sleep(2)\n    \n        location = Select(driver.find_element(By.ID, \"filter-by-location\"))\n        location.select_by_visible_text(\"Istanbul\")\n    \n        department = Select(driver.find_element(By.ID, careers_page.filter_by_department_id))\n        department.select_by_visible_text(\"Quality Assurance\")\n        time.sleep(2)\n    \n        result_card = driver.find_elements(By.XPATH, careers_page.result_card_xpath)\n        result_card_location = driver.find_elements(By.XPATH, careers_page.result_card_location)\n        result_card_department = driver.find_elements(By.XPATH, careers_page.result_card_departemnt)\n    \n        for location in result_card_location:\n    \n            print(\"location:\")\n            print(location.get_attribute(\"textContent\"))\n    \n            if location.text == \"Istanbul\":\n                assert True\n                continue\n                # driver.close()\n            else:\n                driver.save_screenshot(f\".\\\\screenshots\\\\test_result_location_department.png\")\n                # driver.close()\n>               assert False\nE               assert False\n\ntestCases/test_result_location_departemnt.py:44: AssertionError"}, "attachments": [{"name": "stdout", "source": "bd89290e-a4c6-42a3-9d71-448c3a053388-attachment.txt", "type": "text/plain"}], "start": 1768735248116, "stop": 1768735260051, "uuid": "634b9aaa-d227-47d0-ab04-ffd0d6dfb7e7", "historyId": "715890db6456510ccaeb59fedb980579", "testCaseId": "715890db6456510ccaeb59fedb980579", "fullName": "testCases.test_result_location_departemnt.TestResultPage#test_result_page", "labels": [{"name": "parentSuite", "value": "testCases"}, {"name": "suite", "value": "test_result_location_departemnt"}, {"name": "subSuite", "value": "TestResultPage"}, {"name": "host", "value": "56:54:FB:5A:37:95"}, {"name": "thread", "value": "33213-MainThread"}, {"name": "framework", "value": "pytest"}, {"name": "language", "value": "cpython3"}, {"name": "package", "value": "testCases.test_result_location_departemnt"}], "titlePath": ["testCases", "test_result_location_departemnt.py", "TestResultPage"]}